[debug] [2025-06-06T17:03:04.790Z] ----------------------------------------------------------------------
[debug] [2025-06-06T17:03:04.793Z] Command:       F:\NSBM\nodejs\node.exe C:\Users\Acer\AppData\Roaming\npm\node_modules\firebase-tools\lib\bin\firebase.js init
[debug] [2025-06-06T17:03:04.793Z] CLI Version:   14.6.0
[debug] [2025-06-06T17:03:04.793Z] Platform:      win32
[debug] [2025-06-06T17:03:04.793Z] Node Version:  v22.12.0
[debug] [2025-06-06T17:03:04.794Z] Time:          Fri Jun 06 2025 22:33:04 GMT+0530 (India Standard Time)
[debug] [2025-06-06T17:03:04.794Z] ----------------------------------------------------------------------
[debug] 
[debug] [2025-06-06T17:03:04.801Z] > command requires scopes: ["email","openid","https://www.googleapis.com/auth/cloudplatformprojects.readonly","https://www.googleapis.com/auth/firebase","https://www.googleapis.com/auth/cloud-platform"]
[debug] [2025-06-06T17:03:04.802Z] > authorizing via signed-in user (hneilkumara@gmail.com)
[info] 
     ######## #### ########  ######## ########     ###     ######  ########
     ##        ##  ##     ## ##       ##     ##  ##   ##  ##       ##
     ######    ##  ########  ######   ########  #########  ######  ######
     ##        ##  ##    ##  ##       ##     ## ##     ##       ## ##
     ##       #### ##     ## ######## ########  ##     ##  ######  ########

You're about to initialize a Firebase project in this directory:

  C:\Users\Acer\Desktop\Personal Portfolio Wind

[info] 
=== Project Setup
[info] 
[info] First, let's associate this project directory with a Firebase project.
[info] You can create multiple project aliases by running firebase use --add, 
[info] but for now we'll just set up a default project.
[info] 
[info] i  If you want to create a project in a Google Cloud organization or folder, please use "firebase projects:create" instead, and return to this command when you've created the project. 
[debug] [2025-06-06T17:04:54.648Z] Checked if tokens are valid: true, expires at: 1749232851860
[debug] [2025-06-06T17:04:54.649Z] Checked if tokens are valid: true, expires at: 1749232851860
[debug] [2025-06-06T17:04:54.650Z] >>> [apiv2][query] POST https://cloudresourcemanager.googleapis.com/v1/projects [none]
[debug] [2025-06-06T17:04:54.650Z] >>> [apiv2][body] POST https://cloudresourcemanager.googleapis.com/v1/projects {"projectId":"portfolio","name":"portfolio"}
[debug] [2025-06-06T17:04:55.986Z] <<< [apiv2][status] POST https://cloudresourcemanager.googleapis.com/v1/projects 409
[debug] [2025-06-06T17:04:55.987Z] <<< [apiv2][body] POST https://cloudresourcemanager.googleapis.com/v1/projects {"error":{"code":409,"message":"Requested entity already exists","status":"ALREADY_EXISTS"}}
[debug] [2025-06-06T17:04:56.138Z] FirebaseError: Request to https://cloudresourcemanager.googleapis.com/v1/projects had HTTP Error: 409, Requested entity already exists
    at responseToError (C:\Users\Acer\AppData\Roaming\npm\node_modules\firebase-tools\lib\responseToError.js:52:12)
    at RetryOperation._fn (C:\Users\Acer\AppData\Roaming\npm\node_modules\firebase-tools\lib\apiv2.js:312:77)
    at process.processTicksAndRejections (node:internal/process/task_queues:105:5)
[error] 
[error] Error: Failed to create project because there is already a project with ID portfolio. Please try again with a unique project ID.
[debug] [2025-06-06T17:05:26.373Z] ----------------------------------------------------------------------
[debug] [2025-06-06T17:05:26.378Z] Command:       F:\NSBM\nodejs\node.exe C:\Users\Acer\AppData\Roaming\npm\node_modules\firebase-tools\lib\bin\firebase.js init
[debug] [2025-06-06T17:05:26.378Z] CLI Version:   14.6.0
[debug] [2025-06-06T17:05:26.378Z] Platform:      win32
[debug] [2025-06-06T17:05:26.378Z] Node Version:  v22.12.0
[debug] [2025-06-06T17:05:26.379Z] Time:          Fri Jun 06 2025 22:35:26 GMT+0530 (India Standard Time)
[debug] [2025-06-06T17:05:26.379Z] ----------------------------------------------------------------------
[debug] 
[debug] [2025-06-06T17:05:26.387Z] > command requires scopes: ["email","openid","https://www.googleapis.com/auth/cloudplatformprojects.readonly","https://www.googleapis.com/auth/firebase","https://www.googleapis.com/auth/cloud-platform"]
[debug] [2025-06-06T17:05:26.388Z] > authorizing via signed-in user (hneilkumara@gmail.com)
[info] 
     ######## #### ########  ######## ########     ###     ######  ########
     ##        ##  ##     ## ##       ##     ##  ##   ##  ##       ##
     ######    ##  ########  ######   ########  #########  ######  ######
     ##        ##  ##    ##  ##       ##     ## ##     ##       ## ##
     ##       #### ##     ## ######## ########  ##     ##  ######  ########

You're about to initialize a Firebase project in this directory:

  C:\Users\Acer\Desktop\Personal Portfolio Wind

[info] 
=== Project Setup
[info] 
[info] First, let's associate this project directory with a Firebase project.
[info] You can create multiple project aliases by running firebase use --add, 
[info] but for now we'll just set up a default project.
[info] 
[info] i  If you want to create a project in a Google Cloud organization or folder, please use "firebase projects:create" instead, and return to this command when you've created the project. 
[debug] [2025-06-06T17:06:03.520Z] Checked if tokens are valid: true, expires at: 1749232851860
[debug] [2025-06-06T17:06:03.520Z] Checked if tokens are valid: true, expires at: 1749232851860
[debug] [2025-06-06T17:06:03.522Z] >>> [apiv2][query] POST https://cloudresourcemanager.googleapis.com/v1/projects [none]
[debug] [2025-06-06T17:06:03.522Z] >>> [apiv2][body] POST https://cloudresourcemanager.googleapis.com/v1/projects {"projectId":"Hesara","name":"Hesara"}
[debug] [2025-06-06T17:06:04.897Z] <<< [apiv2][status] POST https://cloudresourcemanager.googleapis.com/v1/projects 400
[debug] [2025-06-06T17:06:04.897Z] <<< [apiv2][body] POST https://cloudresourcemanager.googleapis.com/v1/projects {"error":{"code":400,"message":"field [project_id] has issue [project_id contains invalid characters]","status":"INVALID_ARGUMENT","details":[{"@type":"type.googleapis.com/google.rpc.BadRequest","fieldViolations":[{"field":"project_id","description":"project_id contains invalid characters"}]},{"@type":"type.googleapis.com/google.rpc.Help","links":[{"url":"https://cloud.google.com/resource-manager/reference/rest/v1/projects"}]}]}}
[debug] [2025-06-06T17:06:05.036Z] FirebaseError: Request to https://cloudresourcemanager.googleapis.com/v1/projects had HTTP Error: 400, field [project_id] has issue [project_id contains invalid characters]
    at responseToError (C:\Users\Acer\AppData\Roaming\npm\node_modules\firebase-tools\lib\responseToError.js:52:12)
    at RetryOperation._fn (C:\Users\Acer\AppData\Roaming\npm\node_modules\firebase-tools\lib\apiv2.js:312:77)
    at process.processTicksAndRejections (node:internal/process/task_queues:105:5)
[error] 
[error] Error: Failed to create project. See firebase-debug.log for more info.
